In file included from [01m[K/home/chunxin/PF/kinodynamic_frontend/src/uav_simulator/local_perception/include/local_perception/sdf_map.h:15[m[K,
                 from [01m[K/home/chunxin/PF/kinodynamic_frontend/src/my_simple_planner/include/kinodyn_rrt_star/kinodyn_rrt_star.h:14[m[K,
                 from [01m[K/home/chunxin/PF/kinodynamic_frontend/src/my_simple_planner/src/kinodyn_rrt_star/kinodyn_rrt_star.cpp:6[m[K:
[01m[K/opt/ros/noetic/include/pcl_conversions/pcl_conversions.h:44:10:[m[K [01;31m[Kfatal error: [m[Kpcl/conversions.h: No such file or directory
   44 | #include [01;31m[K<pcl/conversions.h>[m[K
      |          [01;31m[K^~~~~~~~~~~~~~~~~~~[m[K
compilation terminated.
In file included from [01m[K/home/chunxin/PF/kinodynamic_frontend/src/uav_simulator/local_perception/include/local_perception/sdf_map.h:15[m[K,
                 from [01m[K/home/chunxin/PF/kinodynamic_frontend/src/my_simple_planner/test/test_esdf.cpp:5[m[K:
[01m[K/opt/ros/noetic/include/pcl_conversions/pcl_conversions.h:44:10:[m[K [01;31m[Kfatal error: [m[Kpcl/conversions.h: No such file or directory
   44 | #include [01;31m[K<pcl/conversions.h>[m[K
      |          [01;31m[K^~~~~~~~~~~~~~~~~~~[m[K
compilation terminated.
make[2]: *** [CMakeFiles/libkinodyn_rrt_star.dir/build.make:76: CMakeFiles/libkinodyn_rrt_star.dir/src/kinodyn_rrt_star/kinodyn_rrt_star.cpp.o] Error 1
make[2]: *** [CMakeFiles/test_esdf_node.dir/build.make:76: CMakeFiles/test_esdf_node.dir/test/test_esdf.cpp.o] Error 1
make[1]: *** [CMakeFiles/Makefile2:1271: CMakeFiles/test_esdf_node.dir/all] Error 2
make[1]: *** Waiting for unfinished jobs....
make[1]: *** [CMakeFiles/Makefile2:1219: CMakeFiles/libkinodyn_rrt_star.dir/all] Error 2
make: *** [Makefile:146: all] Error 2
